864963723 / 864963723 / Arouzmist / Rémi : /qcreate 10
864963723 / 864963723 / Arouzmist / Rémi : /qgo
864963723 / 864963723 / Arouzmist / Rémi : /qgo
864963723 / 864963723 / Arouzmist / Rémi : /qgo
864963723 / 864963723 / Arouzmist / Rémi : Sarabi
864963723 / 864963723 / Arouzmist / Rémi : /qgo
864963723 / 864963723 / Arouzmist / Rémi : Mother daughter
864963723 / 864963723 / Arouzmist / Rémi : Buzz lightyear
864963723 / 864963723 / Arouzmist / Rémi : /qgo
864963723 / 864963723 / Arouzmist / Rémi : The lady and the tramp
864963723 / 864963723 / Arouzmist / Rémi : Black pearl
864963723 / 864963723 / Arouzmist / Rémi : Megara
864963723 / 864963723 / Arouzmist / Rémi : Melody
864963723 / 864963723 / Arouzmist / Rémi : 1937
864963723 / 864963723 / Arouzmist / Rémi : High school musical
864963723 / 864963723 / Arouzmist / Rémi : /qgo
864963723 / 864963723 / Arouzmist / Rémi : /qgo
864963723 / 864963723 / Arouzmist / Rémi : Mushu
864963723 / 864963723 / Arouzmist / Rémi : /qcreate
864963723 / 864963723 / Arouzmist / Rémi : /qgo
864963723 / 864963723 / Arouzmist / Rémi : High school musical
864963723 / 864963723 / Arouzmist / Rémi : Black pearl
864963723 / 864963723 / Arouzmist / Rémi : Fox
864963723 / 864963723 / Arouzmist / Rémi : Mother daughter
864963723 / 864963723 / Arouzmist / Rémi : Tiger
864963723 / 864963723 / Arouzmist / Rémi : The little mermaid
864963723 / 864963723 / Arouzmist / Rémi : /qgo
864963723 / 864963723 / Arouzmist / Rémi : /qgo
864963723 / 864963723 / Arouzmist / Rémi : /qgo
864963723 / 864963723 / Arouzmist / Rémi : Sarabi
864963723 / 864963723 / Arouzmist / Rémi : /qgo
864963723 / 864963723 / Arouzmist / Rémi : Sneezy
864963723 / 864963723 / Arouzmist / Rémi : /qgo
864963723 / 864963723 / Arouzmist / Rémi : Parrot
864963723 / 864963723 / Arouzmist / Rémi : /qgo
864963723 / 864963723 / Arouzmist / Rémi : I'll make man out of you
864963723 / 864963723 / Arouzmist / Rémi : Mushu
864963723 / 864963723 / Arouzmist / Rémi : /qinfo
864963723 / 864963723 / Arouzmist / Rémi : /qrank
864963723 / 864963723 / Arouzmist / Rémi : /qcreate
864963723 / 864963723 / Arouzmist / Rémi : /qgo
864963723 / 864963723 / Arouzmist / Rémi : /qgo
864963723 / 864963723 / Arouzmist / Rémi : i'll make man out of you
864963723 / 864963723 / Arouzmist / Rémi : i'll make man out of you
864963723 / 864963723 / Arouzmist / Rémi : i'll make man out of you
864963723 / 864963723 / Arouzmist / Rémi : i'll make man out of you
864963723 / 864963723 / Arouzmist / Rémi : i'll make man out of you
864963723 / 864963723 / Arouzmist / Rémi : i'll make man out of you
864963723 / 864963723 / Arouzmist / Rémi : i'll make man out of you
864963723 / 864963723 / Arouzmist / Rémi : /qgo
864963723 / 864963723 / Arouzmist / Rémi : /qgo
864963723 / 864963723 / Arouzmist / Rémi : /qgo
864963723 / 864963723 / Arouzmist / Rémi : /qgo
864963723 / 864963723 / Arouzmist / Rémi : lady and the tramp
864963723 / 864963723 / Arouzmist / Rémi : lady and the tramp
864963723 / 864963723 / Arouzmist / Rémi : lady and the tramp
864963723 / 864963723 / Arouzmist / Rémi : i'll make man out of you
864963723 / 864963723 / Arouzmist / Rémi : lady and the tramp
864963723 / 864963723 / Arouzmist / Rémi : lady and the tramp
864963723 / 864963723 / Arouzmist / Rémi : lady and the tramp
864963723 / 864963723 / Arouzmist / Rémi : i'll make man out of you
864963723 / 864963723 / Arouzmist / Rémi : qdzd
864963723 / 864963723 / Arouzmist / Rémi : qdzd
864963723 / 864963723 / Arouzmist / Rémi : qdzd
864963723 / 864963723 / Arouzmist / Rémi : dqzdqz
864963723 / 864963723 / Arouzmist / Rémi : lady and the tramp
864963723 / 864963723 / Arouzmist / Rémi : lady and the tramp
864963723 / 864963723 / Arouzmist / Rémi : i'll make man out of you
864963723 / 864963723 / Arouzmist / Rémi : qdzd
864963723 / 864963723 / Arouzmist / Rémi : will smith
864963723 / 864963723 / Arouzmist / Rémi : /qstop
864963723 / 864963723 / Arouzmist / Rémi : /qcreate
864963723 / 864963723 / Arouzmist / Rémi : /qgo
864963723 / 864963723 / Arouzmist / Rémi : dqzdz
864963723 / 864963723 / Arouzmist / Rémi : dqzdqz
864963723 / 864963723 / Arouzmist / Rémi : qdqzdq
864963723 / 864963723 / Arouzmist / Rémi : dqzdqz
864963723 / 864963723 / Arouzmist / Rémi : dqzdqz
864963723 / 864963723 / Arouzmist / Rémi : qdzd
864963723 / 864963723 / Arouzmist / Rémi : mother
864963723 / 864963723 / Arouzmist / Rémi : daughter
864963723 / 864963723 / Arouzmist / Rémi : mother
864963723 / 864963723 / Arouzmist / Rémi : daughter
864963723 / 864963723 / Arouzmist / Rémi : fox
864963723 / 864963723 / Arouzmist / Rémi : 1998
864963723 / 864963723 / Arouzmist / Rémi : lady and the tramp
864963723 / 864963723 / Arouzmist / Rémi : esla
864963723 / 864963723 / Arouzmist / Rémi : elsa
864963723 / 864963723 / Arouzmist / Rémi : huns
864963723 / 864963723 / Arouzmist / Rémi : to infinity and beyond
864963723 / 864963723 / Arouzmist / Rémi : /qstop
864963723 / 864963723 / Arouzmist / Rémi : /qcreate 3
864963723 / 864963723 / Arouzmist / Rémi : /qgo
864963723 / 864963723 / Arouzmist / Rémi : melody
864963723 / 864963723 / Arouzmist / Rémi : /qgo
864963723 / 864963723 / Arouzmist / Rémi : /qgo
864963723 / 864963723 / Arouzmist / Rémi : /qgo
864963723 / 864963723 / Arouzmist / Rémi : pinnochio
864963723 / 864963723 / Arouzmist / Rémi : pinocchio
864963723 / 864963723 / Arouzmist / Rémi : /qgo
864963723 / 864963723 / Arouzmist / Rémi : /qgo
864963723 / 864963723 / Arouzmist / Rémi : /qgo
864963723 / 864963723 / Arouzmist / Rémi : /qgo
864963723 / 864963723 / Arouzmist / Rémi : /qgo
864963723 / 864963723 / Arouzmist / Rémi : /qgo
864963723 / 864963723 / Arouzmist / Rémi : /qgo
864963723 / 864963723 / Arouzmist / Rémi : /qstop
864963723 / 864963723 / Arouzmist / Rémi : /qgo
864963723 / 864963723 / Arouzmist / Rémi : /qcreate
864963723 / 864963723 / Arouzmist / Rémi : /qgo
864963723 / 864963723 / Arouzmist / Rémi : /qgo
864963723 / 864963723 / Arouzmist / Rémi : /qgo
864963723 / 864963723 / Arouzmist / Rémi : /qgo
864963723 / 864963723 / Arouzmist / Rémi : /qgo
864963723 / 864963723 / Arouzmist / Rémi : /qgo
864963723 / 864963723 / Arouzmist / Rémi : /qgo
864963723 / 864963723 / Arouzmist / Rémi : /qgo
864963723 / 864963723 / Arouzmist / Rémi : /qgo
864963723 / 864963723 / Arouzmist / Rémi : /qgo
864963723 / 864963723 / Arouzmist / Rémi : /qgo
864963723 / 864963723 / Arouzmist / Rémi : /qgo
864963723 / 864963723 / Arouzmist / Rémi : /qgo
864963723 / 864963723 / Arouzmist / Rémi : /qgo
864963723 / 864963723 / Arouzmist / Rémi : /qgo
864963723 / 864963723 / Arouzmist / Rémi : /qgo
864963723 / 864963723 / Arouzmist / Rémi : /qgo
864963723 / 864963723 / Arouzmist / Rémi : /qgo
864963723 / 864963723 / Arouzmist / Rémi : /qstop
864963723 / 864963723 / Arouzmist / Rémi : /qcreate
864963723 / 864963723 / Arouzmist / Rémi : /qgo
864963723 / 864963723 / Arouzmist / Rémi : /qgo
864963723 / 864963723 / Arouzmist / Rémi : scar
864963723 / 864963723 / Arouzmist / Rémi : /qgo
864963723 / 864963723 / Arouzmist / Rémi : /qgo
864963723 / 864963723 / Arouzmist / Rémi : to infinity and beyond
864963723 / 864963723 / Arouzmist / Rémi : /qgo
864963723 / 864963723 / Arouzmist / Rémi : /qgo
864963723 / 864963723 / Arouzmist / Rémi : emma watson
864963723 / 864963723 / Arouzmist / Rémi : /qstop
864963723 / 864963723 / Arouzmist / Rémi : /qcreate
864963723 / 864963723 / Arouzmist / Rémi : /qgo
864963723 / 864963723 / Arouzmist / Rémi : /qgo
864963723 / 864963723 / Arouzmist / Rémi : /qgo
864963723 / 864963723 / Arouzmist / Rémi : fox
864963723 / 864963723 / Arouzmist / Rémi : remy
864963723 / 864963723 / Arouzmist / Rémi : melody
864963723 / 864963723 / Arouzmist / Rémi : amnesia
864963723 / 864963723 / Arouzmist / Rémi : /qgo
864963723 / 864963723 / Arouzmist / Rémi : emma watson
864963723 / 864963723 / Arouzmist / Rémi : bagera
864963723 / 864963723 / Arouzmist / Rémi : baloo
864963723 / 864963723 / Arouzmist / Rémi : zqdqz
864963723 / 864963723 / Arouzmist / Rémi : qzddzq
864963723 / 864963723 / Arouzmist / Rémi : dqzdqz
864963723 / 864963723 / Arouzmist / Rémi : dqz
864963723 / 864963723 / Arouzmist / Rémi : the lion king
864963723 / 864963723 / Arouzmist / Rémi : /qcreate
864963723 / 864963723 / Arouzmist / Rémi : /qgo
864963723 / 864963723 / Arouzmist / Rémi : sarabi
864963723 / 864963723 / Arouzmist / Rémi : /qgo
864963723 / 864963723 / Arouzmist / Rémi : /qgo
864963723 / 864963723 / Arouzmist / Rémi : /qgo
864963723 / 864963723 / Arouzmist / Rémi : /qgo
864963723 / 864963723 / Arouzmist / Rémi : /qgo
864963723 / 864963723 / Arouzmist / Rémi : /qgo
864963723 / 864963723 / Arouzmist / Rémi : /qgo
864963723 / 864963723 / Arouzmist / Rémi : /qgo
864963723 / 864963723 / Arouzmist / Rémi : /qcreate 7
864963723 / 864963723 / Arouzmist / Rémi : /qgo
864963723 / 864963723 / Arouzmist / Rémi : /qgo
864963723 / 864963723 / Arouzmist / Rémi : /qgo
864963723 / 864963723 / Arouzmist / Rémi : /qgo
864963723 / 864963723 / Arouzmist / Rémi : elsa
864963723 / 864963723 / Arouzmist / Rémi : circle
864963723 / 864963723 / Arouzmist / Rémi : of life
