864963723 / 864963723 / Arouzmist / Rémi : /qcreate
864963723 / 864963723 / Arouzmist / Rémi : /qgo
864963723 / 864963723 / Arouzmist / Rémi : /qgo
864963723 / 864963723 / Arouzmist / Rémi : /qgo
864963723 / 864963723 / Arouzmist / Rémi : /qgo
864963723 / 864963723 / Arouzmist / Rémi : /qgo
864963723 / 864963723 / Arouzmist / Rémi : /qgo
864963723 / 864963723 / Arouzmist / Rémi : /qgo
864963723 / 864963723 / Arouzmist / Rémi : /qgo
864963723 / 864963723 / Arouzmist / Rémi : /qgo
864963723 / 864963723 / Arouzmist / Rémi : /qgo
864963723 / 864963723 / Arouzmist / Rémi : /qcreate
864963723 / 864963723 / Arouzmist / Rémi : /qgo
864963723 / 864963723 / Arouzmist / Rémi : /qgo
864963723 / 864963723 / Arouzmist / Rémi : /qgo
864963723 / 864963723 / Arouzmist / Rémi : /qgo
864963723 / 864963723 / Arouzmist / Rémi : /qgo
864963723 / 864963723 / Arouzmist / Rémi : /qgo
864963723 / 864963723 / Arouzmist / Rémi : /qgo
864963723 / 864963723 / Arouzmist / Rémi : /qgo
864963723 / 864963723 / Arouzmist / Rémi : /qgo
864963723 / 864963723 / Arouzmist / Rémi : /qgo
864963723 / 864963723 / Arouzmist / Rémi : /qcreate 25
864963723 / 864963723 / Arouzmist / Rémi : /qgo
864963723 / 864963723 / Arouzmist / Rémi : /qgo
864963723 / 864963723 / Arouzmist / Rémi : /qgo
864963723 / 864963723 / Arouzmist / Rémi : /qgo
864963723 / 864963723 / Arouzmist / Rémi : /qgo
864963723 / 864963723 / Arouzmist / Rémi : /qgo
864963723 / 864963723 / Arouzmist / Rémi : /qgo
864963723 / 864963723 / Arouzmist / Rémi : /qgo
864963723 / 864963723 / Arouzmist / Rémi : /qgo
864963723 / 864963723 / Arouzmist / Rémi : /qgo
864963723 / 864963723 / Arouzmist / Rémi : /qgo
864963723 / 864963723 / Arouzmist / Rémi : /qgo
864963723 / 864963723 / Arouzmist / Rémi : /qgo
864963723 / 864963723 / Arouzmist / Rémi : /qgo
864963723 / 864963723 / Arouzmist / Rémi : /qgo
864963723 / 864963723 / Arouzmist / Rémi : /qgo
864963723 / 864963723 / Arouzmist / Rémi : /qgo
864963723 / 864963723 / Arouzmist / Rémi : /qgo
864963723 / 864963723 / Arouzmist / Rémi : /qgo
864963723 / 864963723 / Arouzmist / Rémi : /qgo
864963723 / 864963723 / Arouzmist / Rémi : /qgo
864963723 / 864963723 / Arouzmist / Rémi : /qgo
864963723 / 864963723 / Arouzmist / Rémi : /qgo
864963723 / 864963723 / Arouzmist / Rémi : /qgo
864963723 / 864963723 / Arouzmist / Rémi : /qgo
864963723 / 864963723 / Arouzmist / Rémi : /qcreate 30
864963723 / 864963723 / Arouzmist / Rémi : /qgo
864963723 / 864963723 / Arouzmist / Rémi : /qgo
864963723 / 864963723 / Arouzmist / Rémi : /qgo
864963723 / 864963723 / Arouzmist / Rémi : /qgo
864963723 / 864963723 / Arouzmist / Rémi : /qgo
864963723 / 864963723 / Arouzmist / Rémi : /qgo
864963723 / 864963723 / Arouzmist / Rémi : /qgo
864963723 / 864963723 / Arouzmist / Rémi : /qgo
864963723 / 864963723 / Arouzmist / Rémi : /qgo
864963723 / 864963723 / Arouzmist / Rémi : /qgo
864963723 / 864963723 / Arouzmist / Rémi : /qgo
864963723 / 864963723 / Arouzmist / Rémi : /qgo
864963723 / 864963723 / Arouzmist / Rémi : /qgo
864963723 / 864963723 / Arouzmist / Rémi : /qgo
864963723 / 864963723 / Arouzmist / Rémi : /qgo
864963723 / 864963723 / Arouzmist / Rémi : /qgo
864963723 / 864963723 / Arouzmist / Rémi : /qgo
864963723 / 864963723 / Arouzmist / Rémi : /qgo
864963723 / 864963723 / Arouzmist / Rémi : /qgo
864963723 / 864963723 / Arouzmist / Rémi : /qgo
864963723 / 864963723 / Arouzmist / Rémi : /qgo
864963723 / 864963723 / Arouzmist / Rémi : /qgo
864963723 / 864963723 / Arouzmist / Rémi : /qgo
864963723 / 864963723 / Arouzmist / Rémi : /qgo
864963723 / 864963723 / Arouzmist / Rémi : /qgo
864963723 / 864963723 / Arouzmist / Rémi : /qgo
864963723 / 864963723 / Arouzmist / Rémi : /qgo
864963723 / 864963723 / Arouzmist / Rémi : /qgo
864963723 / 864963723 / Arouzmist / Rémi : /qgo
864963723 / 864963723 / Arouzmist / Rémi : /qgo
864963723 / 864963723 / Arouzmist / Rémi : /qcreate 50
864963723 / 864963723 / Arouzmist / Rémi : /qgo
864963723 / 864963723 / Arouzmist / Rémi : /qgo
864963723 / 864963723 / Arouzmist / Rémi : /qgo
864963723 / 864963723 / Arouzmist / Rémi : /qgo
864963723 / 864963723 / Arouzmist / Rémi : /qgo
864963723 / 864963723 / Arouzmist / Rémi : /qgo
864963723 / 864963723 / Arouzmist / Rémi : /qgo
864963723 / 864963723 / Arouzmist / Rémi : /qgo
864963723 / 864963723 / Arouzmist / Rémi : /qgo
864963723 / 864963723 / Arouzmist / Rémi : /qgo
864963723 / 864963723 / Arouzmist / Rémi : /qgo
864963723 / 864963723 / Arouzmist / Rémi : /qgo
864963723 / 864963723 / Arouzmist / Rémi : /qgo
864963723 / 864963723 / Arouzmist / Rémi : /qgo
864963723 / 864963723 / Arouzmist / Rémi : /qgo
864963723 / 864963723 / Arouzmist / Rémi : /qgo
864963723 / 864963723 / Arouzmist / Rémi : /qgo
864963723 / 864963723 / Arouzmist / Rémi : /qgo
864963723 / 864963723 / Arouzmist / Rémi : /qgo
864963723 / 864963723 / Arouzmist / Rémi : /qgo
864963723 / 864963723 / Arouzmist / Rémi : /qgo
864963723 / 864963723 / Arouzmist / Rémi : /qgo
864963723 / 864963723 / Arouzmist / Rémi : /qgo
864963723 / 864963723 / Arouzmist / Rémi : /qgo
864963723 / 864963723 / Arouzmist / Rémi : /qgo
864963723 / 864963723 / Arouzmist / Rémi : /qgo
864963723 / 864963723 / Arouzmist / Rémi : /qgo
864963723 / 864963723 / Arouzmist / Rémi : /qgo
864963723 / 864963723 / Arouzmist / Rémi : /qgo
864963723 / 864963723 / Arouzmist / Rémi : /qgo
864963723 / 864963723 / Arouzmist / Rémi : /qgo
864963723 / 864963723 / Arouzmist / Rémi : /qgo
864963723 / 864963723 / Arouzmist / Rémi : /qgo
864963723 / 864963723 / Arouzmist / Rémi : /qgo
864963723 / 864963723 / Arouzmist / Rémi : /qgo
864963723 / 864963723 / Arouzmist / Rémi : /qgo
864963723 / 864963723 / Arouzmist / Rémi : /qgo
864963723 / 864963723 / Arouzmist / Rémi : /qgo
864963723 / 864963723 / Arouzmist / Rémi : /qgo
864963723 / 864963723 / Arouzmist / Rémi : /qgo
864963723 / 864963723 / Arouzmist / Rémi : /qgo
864963723 / 864963723 / Arouzmist / Rémi : /qgo
864963723 / 864963723 / Arouzmist / Rémi : /qgo
864963723 / 864963723 / Arouzmist / Rémi : /qgo
864963723 / 864963723 / Arouzmist / Rémi : /qgo
864963723 / 864963723 / Arouzmist / Rémi : /qgo
864963723 / 864963723 / Arouzmist / Rémi : /qgo
864963723 / 864963723 / Arouzmist / Rémi : /qgo
864963723 / 864963723 / Arouzmist / Rémi : /qgo
864963723 / 864963723 / Arouzmist / Rémi : /qgo
864963723 / 864963723 / Arouzmist / Rémi : /qcreate 40
864963723 / 864963723 / Arouzmist / Rémi : /qgo
864963723 / 864963723 / Arouzmist / Rémi : /qgo
864963723 / 864963723 / Arouzmist / Rémi : /qgo
864963723 / 864963723 / Arouzmist / Rémi : /qgo
864963723 / 864963723 / Arouzmist / Rémi : /qgo
864963723 / 864963723 / Arouzmist / Rémi : /qgo
864963723 / 864963723 / Arouzmist / Rémi : /qgo
864963723 / 864963723 / Arouzmist / Rémi : /qgo
864963723 / 864963723 / Arouzmist / Rémi : /qgo
864963723 / 864963723 / Arouzmist / Rémi : /qgo
864963723 / 864963723 / Arouzmist / Rémi : /qgo
864963723 / 864963723 / Arouzmist / Rémi : /qgo
864963723 / 864963723 / Arouzmist / Rémi : /qgo
864963723 / 864963723 / Arouzmist / Rémi : /qgo
864963723 / 864963723 / Arouzmist / Rémi : /qgo
864963723 / 864963723 / Arouzmist / Rémi : /qgo
864963723 / 864963723 / Arouzmist / Rémi : /qgo
864963723 / 864963723 / Arouzmist / Rémi : /qgo
864963723 / 864963723 / Arouzmist / Rémi : /qgo
864963723 / 864963723 / Arouzmist / Rémi : /qgo
864963723 / 864963723 / Arouzmist / Rémi : /qgo
864963723 / 864963723 / Arouzmist / Rémi : /qgo
864963723 / 864963723 / Arouzmist / Rémi : /qgo
864963723 / 864963723 / Arouzmist / Rémi : /qgo
864963723 / 864963723 / Arouzmist / Rémi : /qgo
864963723 / 864963723 / Arouzmist / Rémi : /qgo
864963723 / 864963723 / Arouzmist / Rémi : /qgo
864963723 / 864963723 / Arouzmist / Rémi : /qgo
864963723 / 864963723 / Arouzmist / Rémi : /qgo
864963723 / 864963723 / Arouzmist / Rémi : /qgo
864963723 / 864963723 / Arouzmist / Rémi : /qgo
864963723 / 864963723 / Arouzmist / Rémi : /qgo
864963723 / 864963723 / Arouzmist / Rémi : /qgo
864963723 / 864963723 / Arouzmist / Rémi : /qstop
864963723 / 864963723 / Arouzmist / Rémi : /qcreate 40
864963723 / 864963723 / Arouzmist / Rémi : /qgo
864963723 / 864963723 / Arouzmist / Rémi : /qgo
864963723 / 864963723 / Arouzmist / Rémi : /qgo
864963723 / 864963723 / Arouzmist / Rémi : /qgo
864963723 / 864963723 / Arouzmist / Rémi : /qgo
864963723 / 864963723 / Arouzmist / Rémi : /qgo
864963723 / 864963723 / Arouzmist / Rémi : /qgo
864963723 / 864963723 / Arouzmist / Rémi : /qgo
864963723 / 864963723 / Arouzmist / Rémi : /qstop
864963723 / 864963723 / Arouzmist / Rémi : /qcreate 40
864963723 / 864963723 / Arouzmist / Rémi : /qgo
864963723 / 864963723 / Arouzmist / Rémi : /qgo
864963723 / 864963723 / Arouzmist / Rémi : /qgo
864963723 / 864963723 / Arouzmist / Rémi : /qgo
864963723 / 864963723 / Arouzmist / Rémi : /qgo
864963723 / 864963723 / Arouzmist / Rémi : /qgo
864963723 / 864963723 / Arouzmist / Rémi : /qgo
864963723 / 864963723 / Arouzmist / Rémi : /qgo
864963723 / 864963723 / Arouzmist / Rémi : /qgo
864963723 / 864963723 / Arouzmist / Rémi : /qgo
864963723 / 864963723 / Arouzmist / Rémi : /qgo
864963723 / 864963723 / Arouzmist / Rémi : /qgo
864963723 / 864963723 / Arouzmist / Rémi : /qgo
864963723 / 864963723 / Arouzmist / Rémi : /qgo
864963723 / 864963723 / Arouzmist / Rémi : /qgo
864963723 / 864963723 / Arouzmist / Rémi : yes
864963723 / 864963723 / Arouzmist / Rémi : nop
864963723 / 864963723 / Arouzmist / Rémi : non
