864963723 / 864963723 / Arouzmist / Rémi : /qstart
864963723 / 864963723 / Arouzmist / Rémi : /qcreate
864963723 / 864963723 / Arouzmist / Rémi : /qgo
864963723 / 864963723 / Arouzmist / Rémi : remy
864963723 / 864963723 / Arouzmist / Rémi : to infinity and beyond
864963723 / 864963723 / Arouzmist / Rémi : Demi lovato joe jonas
864963723 / 864963723 / Arouzmist / Rémi : /qgo
864963723 / 864963723 / Arouzmist / Rémi : /qgo
864963723 / 864963723 / Arouzmist / Rémi : mice
864963723 / 864963723 / Arouzmist / Rémi : the lion king
864963723 / 864963723 / Arouzmist / Rémi : fox
864963723 / 864963723 / Arouzmist / Rémi : /qgo
864963723 / 864963723 / Arouzmist / Rémi : high school musical
864963723 / 864963723 / Arouzmist / Rémi : /qgo
864963723 / 864963723 / Arouzmist / Rémi : huns
864963723 / 864963723 / Arouzmist / Rémi : nala
864963723 / 864963723 / Arouzmist / Rémi : timon pumba
864963723 / 864963723 / Arouzmist / Rémi : punba
864963723 / 864963723 / Arouzmist / Rémi : pumbaa
864963723 / 864963723 / Arouzmist / Rémi : mother and daughter
864963723 / 864963723 / Arouzmist / Rémi : /qgo
864963723 / 864963723 / Arouzmist / Rémi : i'll make man out of you
864963723 / 864963723 / Arouzmist / Rémi : delaney rose stein
864963723 / 864963723 / Arouzmist / Rémi : /qgo
864963723 / 864963723 / Arouzmist / Rémi : 1998
864963723 / 864963723 / Arouzmist / Rémi : /qgo
864963723 / 864963723 / Arouzmist / Rémi : will smith
864963723 / 864963723 / Arouzmist / Rémi : /qgo
864963723 / 864963723 / Arouzmist / Rémi : jasmine aladdin
864963723 / 864963723 / Arouzmist / Rémi : rouky
864963723 / 864963723 / Arouzmist / Rémi : amnesia
